<?xml version="1.0" encoding="UTF-8"?>
<!-- Generated by org.testng.reporters.JUnitXMLReporter -->
<testsuite ignored="0" hostname="DELL-C0HKRC2" failures="5" tests="6" name="Test" time="33.263" errors="0" timestamp="2022-04-19T09:27:20 ART">
  <testcase classname="pruebas.Laboratorio8" name="login" time="11.275"/>
  <testcase classname="pruebas.Laboratorio8" name="login" time="3.659">
    <failure type="java.lang.AssertionError" message="expected [http://automationpractice.com/index.php?controller=authentication] but found [http://automationpractice.com/index.php?controller=my-account]">
      <![CDATA[java.lang.AssertionError: expected [http://automationpractice.com/index.php?controller=authentication] but found [http://automationpractice.com/index.php?controller=my-account]
at pruebas.Laboratorio8.login(Laboratorio8.java:38)
at java.base/java.util.ArrayList.forEach(ArrayList.java:1540)
... Removed 33 stack frames]]>
    </failure>
  </testcase> <!-- login -->
  <testcase classname="pruebas.Laboratorio8" name="login" time="3.224">
    <failure type="java.lang.AssertionError" message="expected [http://automationpractice.com/index.php?controller=authentication] but found [http://automationpractice.com/index.php?controller=my-account]">
      <![CDATA[java.lang.AssertionError: expected [http://automationpractice.com/index.php?controller=authentication] but found [http://automationpractice.com/index.php?controller=my-account]
at pruebas.Laboratorio8.login(Laboratorio8.java:38)
at java.base/java.util.ArrayList.forEach(ArrayList.java:1540)
... Removed 33 stack frames]]>
    </failure>
  </testcase> <!-- login -->
  <testcase classname="pruebas.Laboratorio8" name="login" time="5.707">
    <failure type="java.lang.AssertionError" message="expected [http://automationpractice.com/index.php?controller=authentication] but found [http://automationpractice.com/index.php?controller=my-account]">
      <![CDATA[java.lang.AssertionError: expected [http://automationpractice.com/index.php?controller=authentication] but found [http://automationpractice.com/index.php?controller=my-account]
at pruebas.Laboratorio8.login(Laboratorio8.java:38)
at java.base/java.util.ArrayList.forEach(ArrayList.java:1540)
... Removed 33 stack frames]]>
    </failure>
  </testcase> <!-- login -->
  <testcase classname="pruebas.Laboratorio8" name="login" time="3.434">
    <failure type="java.lang.AssertionError" message="expected [http://automationpractice.com/index.php?controller=authentication] but found [http://automationpractice.com/index.php?controller=my-account]">
      <![CDATA[java.lang.AssertionError: expected [http://automationpractice.com/index.php?controller=authentication] but found [http://automationpractice.com/index.php?controller=my-account]
at pruebas.Laboratorio8.login(Laboratorio8.java:38)
at java.base/java.util.ArrayList.forEach(ArrayList.java:1540)
... Removed 33 stack frames]]>
    </failure>
  </testcase> <!-- login -->
  <testcase classname="pruebas.Laboratorio8" name="login" time="4.657">
    <failure type="java.lang.AssertionError" message="expected [http://automationpractice.com/index.php?controller=authentication] but found [http://automationpractice.com/index.php?controller=my-account]">
      <![CDATA[java.lang.AssertionError: expected [http://automationpractice.com/index.php?controller=authentication] but found [http://automationpractice.com/index.php?controller=my-account]
at pruebas.Laboratorio8.login(Laboratorio8.java:38)
at java.base/java.util.ArrayList.forEach(ArrayList.java:1540)
... Removed 33 stack frames]]>
    </failure>
  </testcase> <!-- login -->
</testsuite> <!-- Test -->
