<?xml version="1.0" encoding="UTF-8"?>
<testng-results ignored="0" total="1" passed="1" failed="0" skipped="0">
  <reporter-output>
  </reporter-output>
  <suite started-at="2022-04-21T08:49:26 ART" name="Default suite" finished-at="2022-04-21T08:49:27 ART" duration-ms="1342">
    <groups>
    </groups>
    <test started-at="2022-04-21T08:49:26 ART" name="Default test" finished-at="2022-04-21T08:49:27 ART" duration-ms="1342">
      <class name="pruebas.AccesoABaseDeDatos">
        <test-method signature="testBaseDeDatos()[pri:0, instance:pruebas.AccesoABaseDeDatos@f5ac9e4]" started-at="2022-04-21T08:49:26 ART" name="testBaseDeDatos" finished-at="2022-04-21T08:49:27 ART" duration-ms="1125" status="PASS">
          <reporter-output>
          </reporter-output>
        </test-method> <!-- testBaseDeDatos -->
      </class> <!-- pruebas.AccesoABaseDeDatos -->
    </test> <!-- Default test -->
  </suite> <!-- Default suite -->
</testng-results>
